<?xml version="1.0" encoding="UTF-8"?>
<robot generator="Robot 7.4.1 (Python 3.14.2 on win32)" generated="2026-02-28T12:39:46.266506" rpa="false" schemaversion="5">
<suite id="s1" name="Test Device" source="C:\Users\a7577\Desktop\iot_cloud_test\test_device.robot">
<test id="s1-t1" name="Compile Firmware" line="5">
<kw name="Log To Console" owner="BuiltIn">
<arg>===== COMPILING ESP32 FIRMWARE =====</arg>
<doc>Logs the given message to the console.</doc>
<status status="PASS" start="2026-02-28T12:39:46.314214" elapsed="0.000563"/>
</kw>
<kw name="Run Process" owner="Process">
<msg time="2026-02-28T12:39:46.315654" level="INFO">Starting process:
python -c "import iot_cloud_test; iot_cloud_test.main_compile()"</msg>
<msg time="2026-02-28T12:39:46.324140" level="INFO">Waiting for process to complete.</msg>
<msg time="2026-02-28T12:40:06.065221" level="INFO">Process completed.</msg>
<msg time="2026-02-28T12:40:06.065545" level="INFO">${result} = &lt;result object with rc 0&gt;</msg>
<var>${result}</var>
<arg>python</arg>
<arg>-c</arg>
<arg>import iot_cloud_test; iot_cloud_test.main_compile()</arg>
<arg>shell=True</arg>
<doc>Runs a process and waits for it to complete.</doc>
<status status="PASS" start="2026-02-28T12:39:46.315323" elapsed="19.750258"/>
</kw>
<kw name="Should Be Equal As Integers" owner="BuiltIn">
<msg time="2026-02-28T12:40:06.066915" level="INFO">Argument types are:
&lt;class 'int'&gt;
&lt;class 'str'&gt;</msg>
<arg>${result.rc}</arg>
<arg>0</arg>
<doc>Fails if objects are unequal after converting them to integers.</doc>
<status status="PASS" start="2026-02-28T12:40:06.066126" elapsed="0.000854"/>
</kw>
<status status="PASS" start="2026-02-28T12:39:46.313195" elapsed="19.754146"/>
</test>
<test id="s1-t2" name="Flash ESP32" line="10">
<kw name="Log To Console" owner="BuiltIn">
<arg>===== FLASHING DEVICE =====</arg>
<doc>Logs the given message to the console.</doc>
<status status="PASS" start="2026-02-28T12:40:06.068935" elapsed="0.000501"/>
</kw>
<kw name="Run Process" owner="Process">
<msg time="2026-02-28T12:40:06.070056" level="INFO">Starting process:
python -c "import iot_cloud_test; iot_cloud_test.main_flash()"</msg>
<msg time="2026-02-28T12:40:06.078006" level="INFO">Waiting for process to complete.</msg>
<msg time="2026-02-28T12:40:21.615219" level="INFO">Process completed.</msg>
<msg time="2026-02-28T12:40:21.615436" level="INFO">${result} = &lt;result object with rc 0&gt;</msg>
<var>${result}</var>
<arg>python</arg>
<arg>-c</arg>
<arg>import iot_cloud_test; iot_cloud_test.main_flash()</arg>
<arg>shell=True</arg>
<doc>Runs a process and waits for it to complete.</doc>
<status status="PASS" start="2026-02-28T12:40:06.069763" elapsed="15.545699"/>
</kw>
<kw name="Should Be Equal As Integers" owner="BuiltIn">
<msg time="2026-02-28T12:40:21.616627" level="INFO">Argument types are:
&lt;class 'int'&gt;
&lt;class 'str'&gt;</msg>
<arg>${result.rc}</arg>
<arg>0</arg>
<doc>Fails if objects are unequal after converting them to integers.</doc>
<status status="PASS" start="2026-02-28T12:40:21.615985" elapsed="0.000694"/>
</kw>
<status status="PASS" start="2026-02-28T12:40:06.068360" elapsed="15.548682"/>
</test>
<test id="s1-t3" name="Verify Device Boot" line="15">
<kw name="Log To Console" owner="BuiltIn">
<arg>===== VERIFYING WIFI + RSSI + DEVICE =====</arg>
<doc>Logs the given message to the console.</doc>
<status status="PASS" start="2026-02-28T12:40:21.618648" elapsed="0.000554"/>
</kw>
<kw name="Run Process" owner="Process">
<msg time="2026-02-28T12:40:21.619765" level="INFO">Starting process:
python -c "import iot_cloud_test; iot_cloud_test.main_device_check()"</msg>
<msg time="2026-02-28T12:40:21.628196" level="INFO">Waiting for process to complete.</msg>
<msg time="2026-02-28T12:40:28.672402" level="INFO">Process completed.</msg>
<msg time="2026-02-28T12:40:28.672556" level="INFO">${result} = &lt;result object with rc 0&gt;</msg>
<var>${result}</var>
<arg>python</arg>
<arg>-c</arg>
<arg>import iot_cloud_test; iot_cloud_test.main_device_check()</arg>
<arg>shell=True</arg>
<doc>Runs a process and waits for it to complete.</doc>
<status status="PASS" start="2026-02-28T12:40:21.619535" elapsed="7.053044"/>
</kw>
<kw name="Should Be Equal As Integers" owner="BuiltIn">
<msg time="2026-02-28T12:40:28.673714" level="INFO">Argument types are:
&lt;class 'int'&gt;
&lt;class 'str'&gt;</msg>
<arg>${result.rc}</arg>
<arg>0</arg>
<doc>Fails if objects are unequal after converting them to integers.</doc>
<status status="PASS" start="2026-02-28T12:40:28.673112" elapsed="0.000651"/>
</kw>
<status status="PASS" start="2026-02-28T12:40:21.618192" elapsed="7.055991"/>
</test>
<test id="s1-t4" name="Validate Cloud Temperature" line="20">
<kw name="Log To Console" owner="BuiltIn">
<arg>===== VALIDATING CLOUD TEMPERATURE =====</arg>
<doc>Logs the given message to the console.</doc>
<status status="PASS" start="2026-02-28T12:40:28.675676" elapsed="0.000564"/>
</kw>
<kw name="Run Process" owner="Process">
<msg time="2026-02-28T12:40:28.676796" level="INFO">Starting process:
python -c "import iot_cloud_test; iot_cloud_test.main_cloud_temp()"</msg>
<msg time="2026-02-28T12:40:28.685212" level="INFO">Waiting for process to complete.</msg>
<msg time="2026-02-28T12:40:30.442924" level="INFO">Process completed.</msg>
<msg time="2026-02-28T12:40:30.443081" level="INFO">${result} = &lt;result object with rc 0&gt;</msg>
<var>${result}</var>
<arg>python</arg>
<arg>-c</arg>
<arg>import iot_cloud_test; iot_cloud_test.main_cloud_temp()</arg>
<arg>shell=True</arg>
<doc>Runs a process and waits for it to complete.</doc>
<status status="PASS" start="2026-02-28T12:40:28.676571" elapsed="1.766533"/>
</kw>
<kw name="Should Be Equal As Integers" owner="BuiltIn">
<msg time="2026-02-28T12:40:30.444210" level="INFO">Argument types are:
&lt;class 'int'&gt;
&lt;class 'str'&gt;</msg>
<arg>${result.rc}</arg>
<arg>0</arg>
<doc>Fails if objects are unequal after converting them to integers.</doc>
<status status="PASS" start="2026-02-28T12:40:30.443607" elapsed="0.000661"/>
</kw>
<status status="PASS" start="2026-02-28T12:40:28.675269" elapsed="1.769316"/>
</test>
<test id="s1-t5" name="Validate Cloud WiFi Strength" line="25">
<kw name="Log To Console" owner="BuiltIn">
<arg>===== VALIDATING CLOUD WIFI RSSI =====</arg>
<doc>Logs the given message to the console.</doc>
<status status="PASS" start="2026-02-28T12:40:30.446106" elapsed="0.000484"/>
</kw>
<kw name="Run Process" owner="Process">
<msg time="2026-02-28T12:40:30.447171" level="INFO">Starting process:
python -c "import iot_cloud_test; iot_cloud_test.main_cloud_rssi()"</msg>
<msg time="2026-02-28T12:40:30.455823" level="INFO">Waiting for process to complete.</msg>
<msg time="2026-02-28T12:40:31.421059" level="INFO">Process completed.</msg>
<msg time="2026-02-28T12:40:31.421231" level="INFO">${result} = &lt;result object with rc 0&gt;</msg>
<var>${result}</var>
<arg>python</arg>
<arg>-c</arg>
<arg>import iot_cloud_test; iot_cloud_test.main_cloud_rssi()</arg>
<arg>shell=True</arg>
<doc>Runs a process and waits for it to complete.</doc>
<status status="PASS" start="2026-02-28T12:40:30.446948" elapsed="0.974307"/>
</kw>
<kw name="Should Be Equal As Integers" owner="BuiltIn">
<msg time="2026-02-28T12:40:31.422389" level="INFO">Argument types are:
&lt;class 'int'&gt;
&lt;class 'str'&gt;</msg>
<arg>${result.rc}</arg>
<arg>0</arg>
<doc>Fails if objects are unequal after converting them to integers.</doc>
<status status="PASS" start="2026-02-28T12:40:31.421778" elapsed="0.000658"/>
</kw>
<status status="PASS" start="2026-02-28T12:40:30.445595" elapsed="0.977293"/>
</test>
<status status="PASS" start="2026-02-28T12:39:46.267952" elapsed="45.156223"/>
</suite>
<statistics>
<total>
<stat pass="5" fail="0" skip="0">All Tests</stat>
</total>
<tag>
</tag>
<suite>
<stat name="Test Device" id="s1" pass="5" fail="0" skip="0">Test Device</stat>
</suite>
</statistics>
<errors>
</errors>
</robot>
